E:\projets\rpn\Debug\cl.command.1.tlog
E:\projets\rpn\Debug\CL.read.1.tlog
E:\projets\rpn\Debug\CL.write.1.tlog
E:\projets\rpn\Debug\link.3260.read.1.tlog
E:\projets\rpn\Debug\link.3260.write.1.tlog
E:\projets\rpn\Debug\link.3260-cvtres.read.1.tlog
E:\projets\rpn\Debug\link.3260-cvtres.write.1.tlog
E:\projets\rpn\Debug\link.command.1.tlog
E:\projets\rpn\Debug\link.read.1.tlog
E:\projets\rpn\Debug\link.write.1.tlog
E:\projets\rpn\Debug\link-cvtres.read.1.tlog
E:\projets\rpn\Debug\link-cvtres.write.1.tlog
E:\projets\rpn\Debug\mt.command.1.tlog
E:\projets\rpn\Debug\mt.read.1.tlog
E:\projets\rpn\Debug\mt.write.1.tlog
E:\projets\rpn\Debug\rc.command.1.tlog
E:\projets\rpn\Debug\rc.read.1.tlog
E:\projets\rpn\Debug\rc.write.1.tlog
E:\PROJETS\RPN\DEBUG\RPN.EXE
E:\PROJETS\RPN\DEBUG\RPN.EXE.EMBED.MANIFEST
E:\PROJETS\RPN\DEBUG\RPN.EXE.EMBED.MANIFEST.RES
E:\PROJETS\RPN\DEBUG\RPN.EXE.INTERMEDIATE.MANIFEST
E:\PROJETS\RPN\DEBUG\RPN.ILK
E:\PROJETS\RPN\DEBUG\RPN.OBJ
E:\PROJETS\RPN\DEBUG\RPN.PDB
E:\projets\rpn\Debug\rpn.vcxprojResolveAssemblyReference.cache
E:\projets\rpn\Debug\rpn.write.1.tlog
E:\projets\rpn\Debug\rpn_manifest.rc
E:\projets\rpn\Debug\vc100.idb
E:\PROJETS\RPN\DEBUG\VC100.PDB
