Build started 11/01/2014 18:53:53.
     1>Project "E:\projets\rpn\rpn.vcxproj" on node 2 (rebuild target(s)).
     1>_PrepareForClean:
         Deleting file "Debug\rpn.lastbuildstate".
       InitializeBuildStatus:
         Creating "Debug\rpn.unsuccessfulbuild" because "AlwaysCreate" was specified.
       ClCompile:
         C:\Program Files (x86)\Microsoft Visual Studio 10.0\VC\bin\CL.exe /c /ZI /nologo /W3 /WX- /Od /Oy- /D WIN32 /D _DEBUG /D _CONSOLE /D _UNICODE /D UNICODE /Gm /EHsc /RTC1 /MDd /GS /fp:precise /Zc:wchar_t /Zc:forScope /Fo"Debug\\" /Fd"Debug\vc100.pdb" /Gd /TP /analyze- /errorReport:prompt rpn.cpp
         rpn.cpp
       ManifestResourceCompile:
         C:\Program Files (x86)\Microsoft SDKs\Windows\v7.0A\bin\rc.exe /nologo /fo"Debug\rpn.exe.embed.manifest.res" Debug\rpn_manifest.rc 
       Link:
         C:\Program Files (x86)\Microsoft Visual Studio 10.0\VC\bin\link.exe /ERRORREPORT:PROMPT /OUT:"E:\projets\rpn\Debug\rpn.exe" /INCREMENTAL /NOLOGO kernel32.lib user32.lib gdi32.lib winspool.lib comdlg32.lib advapi32.lib shell32.lib ole32.lib oleaut32.lib uuid.lib odbc32.lib odbccp32.lib /MANIFEST /ManifestFile:"Debug\rpn.exe.intermediate.manifest" /MANIFESTUAC:"level='asInvoker' uiAccess='false'" /DEBUG /PDB:"E:\projets\rpn\Debug\rpn.pdb" /SUBSYSTEM:CONSOLE /TLBID:1 /DYNAMICBASE /NXCOMPAT /IMPLIB:"E:\projets\rpn\Debug\rpn.lib" /MACHINE:X86 Debug\rpn.exe.embed.manifest.res
         Debug\rpn.obj
       Manifest:
         Deleting file "Debug\rpn.exe.embed.manifest".
         C:\Program Files (x86)\Microsoft SDKs\Windows\v7.0A\bin\mt.exe /nologo /verbose /out:"Debug\rpn.exe.embed.manifest" /manifest Debug\rpn.exe.intermediate.manifest
         C:\Program Files (x86)\Microsoft SDKs\Windows\v7.0A\bin\rc.exe /nologo /fo"Debug\rpn.exe.embed.manifest.res" Debug\rpn_manifest.rc 
       LinkEmbedManifest:
         C:\Program Files (x86)\Microsoft Visual Studio 10.0\VC\bin\link.exe /ERRORREPORT:PROMPT /OUT:"E:\projets\rpn\Debug\rpn.exe" /INCREMENTAL /NOLOGO kernel32.lib user32.lib gdi32.lib winspool.lib comdlg32.lib advapi32.lib shell32.lib ole32.lib oleaut32.lib uuid.lib odbc32.lib odbccp32.lib /MANIFEST /ManifestFile:"Debug\rpn.exe.intermediate.manifest" /MANIFESTUAC:"level='asInvoker' uiAccess='false'" /DEBUG /PDB:"E:\projets\rpn\Debug\rpn.pdb" /SUBSYSTEM:CONSOLE /TLBID:1 /DYNAMICBASE /NXCOMPAT /IMPLIB:"E:\projets\rpn\Debug\rpn.lib" /MACHINE:X86 Debug\rpn.exe.embed.manifest.res
         Debug\rpn.obj
         rpn.vcxproj -> E:\projets\rpn\Debug\rpn.exe
       FinalizeBuildStatus:
         Deleting file "Debug\rpn.unsuccessfulbuild".
         Touching "Debug\rpn.lastbuildstate".
     1>Done Building Project "E:\projets\rpn\rpn.vcxproj" (rebuild target(s)).

Build succeeded.

Time Elapsed 00:00:01.07
